2020-07-15 20:21:51,747 INFO: TeacherPrints site startup [in /Users/tsslade/Dropbox/BerkeleyMIDS/projects/w210_capstone/teacherprints/tp-website/tp_app/__init__.py:48]
2020-07-15 20:22:11,958 ERROR: Exception on /edit_profile [POST] [in /Users/tsslade/miniconda3/envs/run_website/lib/python3.8/site-packages/flask/app.py:1891]
Traceback (most recent call last):
  File "/Users/tsslade/miniconda3/envs/run_website/lib/python3.8/site-packages/sqlalchemy/engine/base.py", line 1277, in _execute_context
    self.dialect.do_execute(
  File "/Users/tsslade/miniconda3/envs/run_website/lib/python3.8/site-packages/sqlalchemy/engine/default.py", line 593, in do_execute
    cursor.execute(statement, parameters)
sqlite3.InterfaceError: Error binding parameter 1 - probably unsupported type.

The above exception was the direct cause of the following exception:

Traceback (most recent call last):
  File "/Users/tsslade/miniconda3/envs/run_website/lib/python3.8/site-packages/flask/app.py", line 2447, in wsgi_app
    response = self.full_dispatch_request()
  File "/Users/tsslade/miniconda3/envs/run_website/lib/python3.8/site-packages/flask/app.py", line 1952, in full_dispatch_request
    rv = self.handle_user_exception(e)
  File "/Users/tsslade/miniconda3/envs/run_website/lib/python3.8/site-packages/flask/app.py", line 1821, in handle_user_exception
    reraise(exc_type, exc_value, tb)
  File "/Users/tsslade/miniconda3/envs/run_website/lib/python3.8/site-packages/flask/_compat.py", line 39, in reraise
    raise value
  File "/Users/tsslade/miniconda3/envs/run_website/lib/python3.8/site-packages/flask/app.py", line 1950, in full_dispatch_request
    rv = self.dispatch_request()
  File "/Users/tsslade/miniconda3/envs/run_website/lib/python3.8/site-packages/flask/app.py", line 1936, in dispatch_request
    return self.view_functions[rule.endpoint](**req.view_args)
  File "/Users/tsslade/miniconda3/envs/run_website/lib/python3.8/site-packages/flask_login/utils.py", line 272, in decorated_view
    return func(*args, **kwargs)
  File "/Users/tsslade/Dropbox/BerkeleyMIDS/projects/w210_capstone/teacherprints/tp-website/tp_app/routes.py", line 101, in edit_profile
    db.session.commit()
  File "/Users/tsslade/miniconda3/envs/run_website/lib/python3.8/site-packages/sqlalchemy/orm/scoping.py", line 163, in do
    return getattr(self.registry(), name)(*args, **kwargs)
  File "/Users/tsslade/miniconda3/envs/run_website/lib/python3.8/site-packages/sqlalchemy/orm/session.py", line 1042, in commit
    self.transaction.commit()
  File "/Users/tsslade/miniconda3/envs/run_website/lib/python3.8/site-packages/sqlalchemy/orm/session.py", line 504, in commit
    self._prepare_impl()
  File "/Users/tsslade/miniconda3/envs/run_website/lib/python3.8/site-packages/sqlalchemy/orm/session.py", line 483, in _prepare_impl
    self.session.flush()
  File "/Users/tsslade/miniconda3/envs/run_website/lib/python3.8/site-packages/sqlalchemy/orm/session.py", line 2523, in flush
    self._flush(objects)
  File "/Users/tsslade/miniconda3/envs/run_website/lib/python3.8/site-packages/sqlalchemy/orm/session.py", line 2664, in _flush
    transaction.rollback(_capture_exception=True)
  File "/Users/tsslade/miniconda3/envs/run_website/lib/python3.8/site-packages/sqlalchemy/util/langhelpers.py", line 68, in __exit__
    compat.raise_(
  File "/Users/tsslade/miniconda3/envs/run_website/lib/python3.8/site-packages/sqlalchemy/util/compat.py", line 178, in raise_
    raise exception
  File "/Users/tsslade/miniconda3/envs/run_website/lib/python3.8/site-packages/sqlalchemy/orm/session.py", line 2624, in _flush
    flush_context.execute()
  File "/Users/tsslade/miniconda3/envs/run_website/lib/python3.8/site-packages/sqlalchemy/orm/unitofwork.py", line 422, in execute
    rec.execute(self)
  File "/Users/tsslade/miniconda3/envs/run_website/lib/python3.8/site-packages/sqlalchemy/orm/unitofwork.py", line 586, in execute
    persistence.save_obj(
  File "/Users/tsslade/miniconda3/envs/run_website/lib/python3.8/site-packages/sqlalchemy/orm/persistence.py", line 230, in save_obj
    _emit_update_statements(
  File "/Users/tsslade/miniconda3/envs/run_website/lib/python3.8/site-packages/sqlalchemy/orm/persistence.py", line 994, in _emit_update_statements
    c = cached_connections[connection].execute(
  File "/Users/tsslade/miniconda3/envs/run_website/lib/python3.8/site-packages/sqlalchemy/engine/base.py", line 1014, in execute
    return meth(self, multiparams, params)
  File "/Users/tsslade/miniconda3/envs/run_website/lib/python3.8/site-packages/sqlalchemy/sql/elements.py", line 298, in _execute_on_connection
    return connection._execute_clauseelement(self, multiparams, params)
  File "/Users/tsslade/miniconda3/envs/run_website/lib/python3.8/site-packages/sqlalchemy/engine/base.py", line 1127, in _execute_clauseelement
    ret = self._execute_context(
  File "/Users/tsslade/miniconda3/envs/run_website/lib/python3.8/site-packages/sqlalchemy/engine/base.py", line 1317, in _execute_context
    self._handle_dbapi_exception(
  File "/Users/tsslade/miniconda3/envs/run_website/lib/python3.8/site-packages/sqlalchemy/engine/base.py", line 1511, in _handle_dbapi_exception
    util.raise_(
  File "/Users/tsslade/miniconda3/envs/run_website/lib/python3.8/site-packages/sqlalchemy/util/compat.py", line 178, in raise_
    raise exception
  File "/Users/tsslade/miniconda3/envs/run_website/lib/python3.8/site-packages/sqlalchemy/engine/base.py", line 1277, in _execute_context
    self.dialect.do_execute(
  File "/Users/tsslade/miniconda3/envs/run_website/lib/python3.8/site-packages/sqlalchemy/engine/default.py", line 593, in do_execute
    cursor.execute(statement, parameters)
sqlalchemy.exc.InterfaceError: (sqlite3.InterfaceError) Error binding parameter 1 - probably unsupported type.
[SQL: UPDATE user SET username=?, about_me=? WHERE user.id = ?]
[parameters: ('jane', <wtforms.fields.simple.TextAreaField object at 0x7fe8cce0bf10>, 5)]
(Background on this error at: http://sqlalche.me/e/13/rvf5)
2020-07-15 20:25:32,914 INFO: TeacherPrints site startup [in /Users/tsslade/Dropbox/BerkeleyMIDS/projects/w210_capstone/teacherprints/tp-website/tp_app/__init__.py:48]
2020-07-15 20:36:04,194 INFO: TeacherPrints site startup [in /Users/tsslade/Dropbox/BerkeleyMIDS/projects/w210_capstone/teacherprints/tp-website/tp_app/__init__.py:48]
2020-07-15 20:36:57,678 INFO: TeacherPrints site startup [in /Users/tsslade/Dropbox/BerkeleyMIDS/projects/w210_capstone/teacherprints/tp-website/tp_app/__init__.py:48]
2020-07-15 20:37:27,745 INFO: TeacherPrints site startup [in /Users/tsslade/Dropbox/BerkeleyMIDS/projects/w210_capstone/teacherprints/tp-website/tp_app/__init__.py:48]
2020-07-15 20:37:36,335 INFO: TeacherPrints site startup [in /Users/tsslade/Dropbox/BerkeleyMIDS/projects/w210_capstone/teacherprints/tp-website/tp_app/__init__.py:48]
2020-07-15 21:29:06,568 INFO: TeacherPrints site startup [in /Users/tsslade/Dropbox/BerkeleyMIDS/projects/w210_capstone/teacherprints/tp-website/tp_app/__init__.py:48]
2020-07-15 21:30:10,450 INFO: TeacherPrints site startup [in /Users/tsslade/Dropbox/BerkeleyMIDS/projects/w210_capstone/teacherprints/tp-website/tp_app/__init__.py:48]
2020-07-15 21:32:23,228 INFO: TeacherPrints site startup [in /Users/tsslade/Dropbox/BerkeleyMIDS/projects/w210_capstone/teacherprints/tp-website/tp_app/__init__.py:48]
2020-07-15 22:08:16,381 INFO: TeacherPrints site startup [in /Users/tsslade/Dropbox/BerkeleyMIDS/projects/w210_capstone/teacherprints/tp-website/tp_app/__init__.py:48]
2020-07-15 22:08:40,124 INFO: TeacherPrints site startup [in /Users/tsslade/Dropbox/BerkeleyMIDS/projects/w210_capstone/teacherprints/tp-website/tp_app/__init__.py:48]
